Pig Stack Trace
---------------
ERROR 1025: 
<file Data.pig, line 10, column 23> Invalid field projection. Projected field [saleP] does not exist in schema: group:int,C:bag{:tuple(pricePaid:int,salesPerson:int,storeID:int)}.

org.apache.pig.impl.logicalLayer.FrontendException: ERROR 1066: Unable to open iterator for alias F
	at org.apache.pig.PigServer.openIterator(PigServer.java:1019)
	at org.apache.pig.tools.grunt.GruntParser.processDump(GruntParser.java:747)
	at org.apache.pig.tools.pigscript.parser.PigScriptParser.parse(PigScriptParser.java:376)
	at org.apache.pig.tools.grunt.GruntParser.parseStopOnError(GruntParser.java:231)
	at org.apache.pig.tools.grunt.GruntParser.parseStopOnError(GruntParser.java:206)
	at org.apache.pig.tools.grunt.Grunt.exec(Grunt.java:81)
	at org.apache.pig.Main.run(Main.java:630)
	at org.apache.pig.Main.main(Main.java:176)
Caused by: org.apache.pig.PigException: ERROR 1002: Unable to store alias F
	at org.apache.pig.PigServer.storeEx(PigServer.java:1122)
	at org.apache.pig.PigServer.store(PigServer.java:1081)
	at org.apache.pig.PigServer.openIterator(PigServer.java:994)
	... 7 more
Caused by: org.apache.pig.impl.plan.PlanValidationException: ERROR 1025: 
<file Data.pig, line 10, column 23> Invalid field projection. Projected field [saleP] does not exist in schema: group:int,C:bag{:tuple(pricePaid:int,salesPerson:int,storeID:int)}.
	at org.apache.pig.newplan.logical.expression.ProjectExpression.findColNum(ProjectExpression.java:191)
	at org.apache.pig.newplan.logical.expression.ProjectExpression.setColumnNumberFromAlias(ProjectExpression.java:174)
	at org.apache.pig.newplan.logical.visitor.ColumnAliasConversionVisitor$1.visit(ColumnAliasConversionVisitor.java:53)
	at org.apache.pig.newplan.logical.expression.ProjectExpression.accept(ProjectExpression.java:215)
	at org.apache.pig.newplan.DependencyOrderWalker.walk(DependencyOrderWalker.java:75)
	at org.apache.pig.newplan.PlanVisitor.visit(PlanVisitor.java:52)
	at org.apache.pig.newplan.logical.optimizer.AllExpressionVisitor.visit(AllExpressionVisitor.java:142)
	at org.apache.pig.newplan.logical.relational.LOInnerLoad.accept(LOInnerLoad.java:128)
	at org.apache.pig.newplan.DependencyOrderWalker.walk(DependencyOrderWalker.java:75)
	at org.apache.pig.newplan.logical.optimizer.AllExpressionVisitor.visit(AllExpressionVisitor.java:124)
	at org.apache.pig.newplan.logical.relational.LOForEach.accept(LOForEach.java:87)
	at org.apache.pig.newplan.DependencyOrderWalker.walk(DependencyOrderWalker.java:75)
	at org.apache.pig.newplan.PlanVisitor.visit(PlanVisitor.java:52)
	at org.apache.pig.newplan.logical.relational.LogicalPlan.validate(LogicalPlan.java:175)
	at org.apache.pig.PigServer$Graph.compile(PigServer.java:1851)
	at org.apache.pig.PigServer$Graph.access$300(PigServer.java:1527)
	at org.apache.pig.PigServer.storeEx(PigServer.java:1117)
	... 9 more
================================================================================
